  main.cpp
C:\Users\Пользователь\source\repos\CuRsOvAyA\External\include\SFML\System\Exception.hpp(41,47): warning C4275: class "std::runtime_error", не являющийся dll-интерфейсом, использован в качестве базового для dll-интерфейса class "sf::Exception"
  (компиляция исходного файла "main.cpp")
      C:\Program Files\Microsoft Visual Studio\2022\Community\VC\Tools\MSVC\14.43.34808\include\stdexcept(100,19):
       см. объявление "std::runtime_error"
      C:\Users\Пользователь\source\repos\CuRsOvAyA\External\include\SFML\System\Exception.hpp(41,23):
       см. объявление "sf::Exception"
  
C:\Users\Пользователь\source\repos\CuRsOvAyA\main.cpp(390,64): warning C4244: аргумент: преобразование "const T" в "float", возможна потеря данных
C:\Users\Пользователь\source\repos\CuRsOvAyA\main.cpp(390,64): warning C4244:         with
C:\Users\Пользователь\source\repos\CuRsOvAyA\main.cpp(390,64): warning C4244:         [
C:\Users\Пользователь\source\repos\CuRsOvAyA\main.cpp(390,64): warning C4244:             T=int
C:\Users\Пользователь\source\repos\CuRsOvAyA\main.cpp(390,64): warning C4244:         ]
      C:\Users\Пользователь\source\repos\CuRsOvAyA\main.cpp(390,64):
      контекст создания экземпляра шаблона (сначала самый старый)
          C:\Users\Пользователь\source\repos\CuRsOvAyA\main.cpp(312,20):
          выполняется компиляция ссылки на экземпляр шаблон функции "void sf::Event::visit<Simulation::handleEvents::<lambda_1>>(T &&) const"
          with
          [
              T=Simulation::handleEvents::<lambda_1>
          ]
          C:\Users\Пользователь\source\repos\CuRsOvAyA\External\include\SFML\Window\Event.inl(75,17):
          выполняется компиляция ссылки на экземпляр шаблон функции "void std::visit<_Ty,const std::variant<sf::Event::Closed,sf::Event::Resized,sf::Event::FocusLost,sf::Event::FocusGained,sf::Event::TextEntered,sf::Event::KeyPressed,sf::Event::KeyReleased,sf::Event::MouseWheelScrolled,sf::Event::MouseButtonPressed,sf::Event::MouseButtonReleased,sf::Event::MouseMoved,sf::Event::MouseMovedRaw,sf::Event::MouseEntered,sf::Event::MouseLeft,sf::Event::JoystickButtonPressed,sf::Event::JoystickButtonReleased,sf::Event::JoystickMoved,sf::Event::JoystickConnected,sf::Event::JoystickDisconnected,sf::Event::TouchBegan,sf::Event::TouchMoved,sf::Event::TouchEnded,sf::Event::SensorChanged>&,void>(_Callable &&,const std::variant<sf::Event::Closed,sf::Event::Resized,sf::Event::FocusLost,sf::Event::FocusGained,sf::Event::TextEntered,sf::Event::KeyPressed,sf::Event::KeyReleased,sf::Event::MouseWheelScrolled,sf::Event::MouseButtonPressed,sf::Event::MouseButtonReleased,sf::Event::MouseMoved,sf::Event::MouseMovedRaw,sf::Event::MouseEntered,sf::Event::MouseLeft,sf::Event::JoystickButtonPressed,sf::Event::JoystickButtonReleased,sf::Event::JoystickMoved,sf::Event::JoystickConnected,sf::Event::JoystickDisconnected,sf::Event::TouchBegan,sf::Event::TouchMoved,sf::Event::TouchEnded,sf::Event::SensorChanged> &)"
          with
          [
              _Ty=Simulation::handleEvents::<lambda_1>,
              _Callable=Simulation::handleEvents::<lambda_1>
          ]
          C:\Program Files\Microsoft Visual Studio\2022\Community\VC\Tools\MSVC\14.43.34808\include\variant(1587,19):
          выполняется компиляция ссылки на шаблон переменной "const bool _Variant_all_visit_results_same<void,`Simulation::handleEvents'::`4'::<lambda_1>,std::_Meta_list<>,std::variant<sf::Event::Closed,sf::Event::Resized,sf::Event::FocusLost,sf::Event::FocusGained,sf::Event::TextEntered,sf::Event::KeyPressed,sf::Event::KeyReleased,sf::Event::MouseWheelScrolled,sf::Event::MouseButtonPressed,sf::Event::MouseButtonReleased,sf::Event::MouseMoved,sf::Event::MouseMovedRaw,sf::Event::MouseEntered,sf::Event::MouseLeft,sf::Event::JoystickButtonPressed,sf::Event::JoystickButtonReleased,sf::Event::JoystickMoved,sf::Event::JoystickConnected,sf::Event::JoystickDisconnected,sf::Event::TouchBegan,sf::Event::TouchMoved,sf::Event::TouchEnded,sf::Event::SensorChanged> const &>"
          C:\Program Files\Microsoft Visual Studio\2022\Community\VC\Tools\MSVC\14.43.34808\include\variant(1566,10):
          выполняется компиляция ссылки на шаблон переменной "const bool _Variant_all_visit_results_same<void,`Simulation::handleEvents'::`4'::<lambda_1>,std::_Meta_list<sf::Event::MouseMoved const &> >"
          C:\Program Files\Microsoft Visual Studio\2022\Community\VC\Tools\MSVC\14.43.34808\include\variant(1556,29):
          выполняется компиляция ссылки на экземпляр шаблон функции "unknown-type std::invoke(_Callable &&,_Ty1 &&,_Types2 ...) noexcept(<expr>)"
          C:\Program Files\Microsoft Visual Studio\2022\Community\VC\Tools\MSVC\14.43.34808\include\type_traits(1703,45):
          во время компиляции функции-члена класс шаблон "unknown-type std::_Invoker_functor::_Call(_Callable &&,_Types ...) noexcept(<expr>)"
          C:\Program Files\Microsoft Visual Studio\2022\Community\VC\Tools\MSVC\14.43.34808\include\type_traits(1602,46):
          выполняется компиляция ссылки на экземпляр шаблон функции "auto Simulation::handleEvents::<lambda_1>::operator ()<const sf::Event::MouseMoved&>(_T1) const"
          with
          [
              _T1=const sf::Event::MouseMoved &
          ]
  
C:\Users\Пользователь\source\repos\CuRsOvAyA\main.cpp(393,68): warning C4244: аргумент: преобразование "const T" в "float", возможна потеря данных
C:\Users\Пользователь\source\repos\CuRsOvAyA\main.cpp(393,68): warning C4244:         with
C:\Users\Пользователь\source\repos\CuRsOvAyA\main.cpp(393,68): warning C4244:         [
C:\Users\Пользователь\source\repos\CuRsOvAyA\main.cpp(393,68): warning C4244:             T=int
C:\Users\Пользователь\source\repos\CuRsOvAyA\main.cpp(393,68): warning C4244:         ]
  CuRsOvAyA.vcxproj -> C:\Users\Пользователь\source\repos\CuRsOvAyA\x64\Debug\CuRsOvAyA.exe
